0 info it worked if it ends with ok
1 verbose cli [ 'C:\\Program Files\\nodejs\\node.exe',
1 verbose cli   'C:\\Users\\vivgupta5\\AppData\\Roaming\\npm\\node_modules\\npm\\bin\\npm-cli.js',
1 verbose cli   'start' ]
2 info using npm@3.10.10
3 info using node@v8.12.0
4 verbose run-script [ 'prestart', 'start', 'poststart' ]
5 info lifecycle weather@1.0.0~prestart: weather@1.0.0
6 silly lifecycle weather@1.0.0~prestart: no script for prestart, continuing
7 info lifecycle weather@1.0.0~start: weather@1.0.0
8 verbose lifecycle weather@1.0.0~start: unsafe-perm in lifecycle true
9 verbose lifecycle weather@1.0.0~start: PATH: C:\Users\vivgupta5\AppData\Roaming\npm\node_modules\npm\bin\node-gyp-bin;D:\Vivek Gupta\Learn\Node\SECOND\weather\node_modules\.bin;C:\Program Files (x86)\Common Files\Oracle\Java\javapath;C:\Ruby25-x64\bin;C:\Users\vivgupta5\bin\Sencha\Cmd\5.0.0.160;C:\Program Files (x86)\Common Files\Oracle\Java\javapath\;C:\Program Files\Java\jdk1.8.0_161;C:\Program Files\dotnet\;c:\windows\system32;C:\Program Files\Microsoft SQL Server\130\Tools\Binn\;C:\Program Files\TortoiseGit\bin;C:\Program Files\Java\jdk1.8.0_181\bin;C:\Program Files\SourceGear\Common\DiffMerge\;C:\windows\System32\WindowsPowerShell\v1.0\;D:\Software\AndroidSDK\android-sdk-windows\platform-tools;C:\Program Files\Git\cmd;C:\Program Files\gradle-4.7\bin;C:\Program Files\nodejs\;C:\Program Files\Intel\WiFi\bin\;C:\Program Files\Common Files\Intel\WirelessCommon\;C:\Program Files (x86)\Microsoft SQL Server\110\Tools\Binn\ManagementStudio\;C:\Program Files (x86)\Microsoft SQL Server\110\Tools\Binn\;C:\Program Files\Microsoft SQL Server\110\Tools\Binn\;C:\Program Files\OpenSSL-Win64\bin;C:\Program Files (x86)\Microsoft SQL Server\110\DTS\Binn\;C:\Users\vivgupta5\AppData\Roaming\npm;D:\mfp8\Supported_Software\apache-maven-3.6.0\bin;C:\Program Files\Intel\WiFi\bin\;C:\Program Files\Common Files\Intel\WirelessCommon\;D:\MongoDB\Server\4.2\bin;C:\Users\vivgupta5\AppData\Local\Programs\Microsoft VS Code\bin;C:\Program Files\heroku\bin
10 verbose lifecycle weather@1.0.0~start: CWD: D:\Vivek Gupta\Learn\Node\SECOND\weather
11 silly lifecycle weather@1.0.0~start: Args: [ '/d /s /c', 'nodemon app.js -e js,hbs' ]
12 verbose stack Error: kill ENOSYS
12 verbose stack     at process.kill (internal/process.js:172:20)
12 verbose stack     at process.listener (C:\Users\vivgupta5\AppData\Roaming\npm\node_modules\npm\node_modules\npmlog\node_modules\gauge\node_modules\signal-exit\index.js:86:15)
12 verbose stack     at emitOne (events.js:121:20)
12 verbose stack     at process.emit (events.js:211:7)
12 verbose stack     at processEmit (C:\Users\vivgupta5\AppData\Roaming\npm\node_modules\npm\node_modules\npmlog\node_modules\gauge\node_modules\signal-exit\index.js:146:32)
12 verbose stack     at processEmit (C:\Users\vivgupta5\AppData\Roaming\npm\node_modules\npm\node_modules\npm-registry-client\node_modules\npmlog\node_modules\gauge\node_modules\signal-exit\index.js:146:32)
12 verbose stack     at Signal.wrap.onsignal (internal/process.js:197:44)
13 verbose cwd D:\Vivek Gupta\Learn\Node\SECOND\weather
14 error Windows_NT 6.1.7601
15 error argv "C:\\Program Files\\nodejs\\node.exe" "C:\\Users\\vivgupta5\\AppData\\Roaming\\npm\\node_modules\\npm\\bin\\npm-cli.js" "start"
16 error node v8.12.0
17 error npm  v3.10.10
18 error code ENOSYS
19 error errno ENOSYS
20 error syscall kill
21 error kill ENOSYS
22 error If you need help, you may report this error at:
22 error     <https://github.com/npm/npm/issues>
23 verbose exit [ 1, true ]
